<?xml version="1.0" encoding="UTF-8"?>
<!-- Generated by org.testng.reporters.JUnitReportReporter -->
<testsuite hostname="DESKTOP-KUCBRGK" failures="0" tests="1" name="crudOperationWithBDD.CreatedBySpecialChar" time="2.009" errors="0" timestamp="2022-12-28T10:46:47 IST" skipped="0">
  <testcase classname="crudOperationWithBDD.CreatedBySpecialChar" name="createdByEmpty" time="2.009"/>
  <system-out/>
</testsuite> <!-- crudOperationWithBDD.CreatedBySpecialChar -->
