<?xml version="1.0" encoding="UTF-8"?>
<!-- Generated by org.testng.reporters.JUnitReportReporter -->
<testsuite hostname="DESKTOP-KUCBRGK" failures="0" tests="1" name="crudOperationWithBDD.TeamsizeInStringValue" time="1.954" errors="0" timestamp="2022-12-28T11:06:49 IST" skipped="0">
  <testcase classname="crudOperationWithBDD.TeamsizeInStringValue" name="createdByEmpty" time="1.954"/>
  <system-out/>
</testsuite> <!-- crudOperationWithBDD.TeamsizeInStringValue -->
