<?xml version="1.0" encoding="UTF-8"?>
<!-- Generated by org.testng.reporters.JUnitReportReporter -->
<testsuite hostname="DESKTOP-KUCBRGK" failures="0" tests="1" name="crudOperationWithBDD.MissingEndPoint" time="2.096" errors="0" timestamp="2022-12-28T13:09:50 IST" skipped="0">
  <testcase classname="crudOperationWithBDD.MissingEndPoint" name="urlEndpoint" time="2.096"/>
  <system-out/>
</testsuite> <!-- crudOperationWithBDD.MissingEndPoint -->
