<?xml version="1.0" encoding="UTF-8"?>
<!-- Generated by org.testng.reporters.JUnitReportReporter -->
<testsuite hostname="DESKTOP-KUCBRGK" failures="0" tests="1" name="validation.ResponseBodyValiation" time="1.685" errors="0" timestamp="2023-01-02T11:16:14 IST" skipped="0">
  <testcase classname="validation.ResponseBodyValiation" name="responseHeadValidation" time="1.685"/>
  <system-out/>
</testsuite> <!-- validation.ResponseBodyValiation -->
