<?xml version="1.0" encoding="UTF-8"?>
<!-- Generated by org.testng.reporters.JUnitReportReporter -->
<testsuite hostname="DESKTOP-KUCBRGK" failures="0" tests="1" name="usingBaseClassCRUDOperations.Delete_Project" time="0.915" errors="0" timestamp="2023-01-04T17:05:25 IST" skipped="0">
  <testcase classname="usingBaseClassCRUDOperations.Delete_Project" name="deleteTheProject" time="0.915"/>
  <system-out/>
</testsuite> <!-- usingBaseClassCRUDOperations.Delete_Project -->
