<?xml version="1.0" encoding="UTF-8"?>
<!-- Generated by org.testng.reporters.JUnitReportReporter -->
<testsuite hostname="DESKTOP-KUCBRGK" failures="0" tests="1" name="crudOperationWithBDD.CreatedBySpaces" time="2.046" errors="0" timestamp="2022-12-28T10:48:32 IST" skipped="0">
  <testcase classname="crudOperationWithBDD.CreatedBySpaces" name="createdByEmpty" time="2.046"/>
  <system-out/>
</testsuite> <!-- crudOperationWithBDD.CreatedBySpaces -->
