<?xml version="1.0" encoding="UTF-8"?>
<!-- Generated by org.testng.reporters.JUnitReportReporter -->
<testsuite hostname="DESKTOP-KUCBRGK" failures="0" tests="1" name="crudOperationWithBDD.PostWrongFormat" time="1.975" errors="0" timestamp="2022-12-28T15:28:44 IST" skipped="0">
  <testcase classname="crudOperationWithBDD.PostWrongFormat" name="add" time="1.975"/>
  <system-out/>
</testsuite> <!-- crudOperationWithBDD.PostWrongFormat -->
