<?xml version="1.0" encoding="UTF-8"?>
<!-- Generated by org.testng.reporters.JUnitReportReporter -->
<testsuite hostname="DESKTOP-KUCBRGK" failures="0" tests="1" name="usingBaseClassCRUDOperations.PostRequest" time="1.405" errors="0" timestamp="2023-01-04T17:04:22 IST" skipped="0">
  <testcase classname="usingBaseClassCRUDOperations.PostRequest" name="addProject" time="1.405"/>
  <system-out/>
</testsuite> <!-- usingBaseClassCRUDOperations.PostRequest -->
