<?xml version="1.0" encoding="UTF-8"?>
<!-- Generated by org.testng.reporters.JUnitReportReporter -->
<testsuite hostname="DESKTOP-KUCBRGK" failures="0" tests="1" name="crudOperationWithBDD.GetProjectsWithoutPort" time="2.069" errors="0" timestamp="2022-12-28T15:10:28 IST" skipped="0">
  <testcase classname="crudOperationWithBDD.GetProjectsWithoutPort" name="urlEndpoint" time="2.069"/>
  <system-out/>
</testsuite> <!-- crudOperationWithBDD.GetProjectsWithoutPort -->
