<?xml version="1.0" encoding="UTF-8"?>
<!-- Generated by org.testng.reporters.JUnitReportReporter -->
<testsuite hostname="DESKTOP-KUCBRGK" failures="0" tests="1" name="authentication.BearerTokenAuthentication" time="6.254" errors="0" timestamp="2023-01-02T16:32:27 IST" skipped="0">
  <testcase classname="authentication.BearerTokenAuthentication" name="loginToAppWithToken" time="6.254"/>
  <system-out/>
</testsuite> <!-- authentication.BearerTokenAuthentication -->
