<?xml version="1.0" encoding="UTF-8"?>
<!-- Generated by org.testng.reporters.JUnitReportReporter -->
<testsuite hostname="DESKTOP-KUCBRGK" failures="0" tests="1" name="Authentication.BasicAuth" time="1.673" errors="0" timestamp="2023-01-02T15:58:56 IST" skipped="0">
  <testcase classname="Authentication.BasicAuth" name="basicAuth" time="1.673"/>
  <system-out/>
</testsuite> <!-- Authentication.BasicAuth -->
