<?xml version="1.0" encoding="UTF-8"?>
<!-- Generated by org.testng.reporters.JUnitReportReporter -->
<testsuite hostname="DESKTOP-KUCBRGK" failures="0" tests="1" name="validation.StaticBodyValidation" time="2.220" errors="0" timestamp="2023-01-02T11:32:39 IST" skipped="0">
  <testcase classname="validation.StaticBodyValidation" name="StaticBValidation" time="2.220"/>
  <system-out/>
</testsuite> <!-- validation.StaticBodyValidation -->
