<?xml version="1.0" encoding="UTF-8"?>
<!-- Generated by org.testng.reporters.JUnitReportReporter -->
<testsuite hostname="DESKTOP-KUCBRGK" failures="0" tests="1" name="authentication.BasicAuthPr" time="2.260" errors="0" timestamp="2023-01-02T16:09:11 IST" skipped="0">
  <testcase classname="authentication.BasicAuthPr" name="authPreemptive" time="2.260"/>
  <system-out/>
</testsuite> <!-- authentication.BasicAuthPr -->
