<?xml version="1.0" encoding="UTF-8"?>
<!-- Generated by org.testng.reporters.JUnitReportReporter -->
<testsuite hostname="DESKTOP-KUCBRGK" failures="0" tests="1" name="crudOperationWithBDD.UpdateProjectdetails" time="2.221" errors="0" timestamp="2022-12-28T10:19:36 IST" skipped="0">
  <testcase classname="crudOperationWithBDD.UpdateProjectdetails" name="updateDetails" time="2.221"/>
  <system-out/>
</testsuite> <!-- crudOperationWithBDD.UpdateProjectdetails -->
