<?xml version="1.0" encoding="UTF-8"?>
<!-- Generated by org.testng.reporters.JUnitReportReporter -->
<testsuite hostname="DESKTOP-KUCBRGK" failures="0" tests="1" name="crudOperationWithBDD.PostRequestWithCreatedByEmpty" time="2.047" errors="0" timestamp="2022-12-28T10:45:37 IST" skipped="0">
  <testcase classname="crudOperationWithBDD.PostRequestWithCreatedByEmpty" name="createdByEmpty" time="2.047"/>
  <system-out/>
</testsuite> <!-- crudOperationWithBDD.PostRequestWithCreatedByEmpty -->
