<?xml version="1.0" encoding="UTF-8"?>
<!-- Generated by org.testng.reporters.JUnitReportReporter -->
<testsuite hostname="DESKTOP-KUCBRGK" failures="0" tests="1" name="differentWaysToPost.CreateProjectUsingJsonFile" time="1.789" errors="0" timestamp="2022-12-29T11:28:47 IST" skipped="0">
  <testcase classname="differentWaysToPost.CreateProjectUsingJsonFile" name="addProject" time="1.789"/>
  <system-out/>
</testsuite> <!-- differentWaysToPost.CreateProjectUsingJsonFile -->
