<?xml version="1.0" encoding="UTF-8"?>
<!-- Generated by org.testng.reporters.JUnitReportReporter -->
<testsuite hostname="DESKTOP-KUCBRGK" failures="0" tests="1" name="crudOperationWithBDD.DuplicateProjectNAme" time="2.092" errors="0" timestamp="2022-12-28T11:11:06 IST" skipped="0">
  <testcase classname="crudOperationWithBDD.DuplicateProjectNAme" name="createdByEmpty" time="2.092"/>
  <system-out/>
</testsuite> <!-- crudOperationWithBDD.DuplicateProjectNAme -->
