<?xml version="1.0" encoding="UTF-8"?>
<!-- Generated by org.testng.reporters.JUnitReportReporter -->
<testsuite hostname="DESKTOP-KUCBRGK" failures="0" tests="1" name="crudOperationWithBDD.GetProject" time="1.657" errors="0" timestamp="2022-12-27T17:34:30 IST" skipped="0">
  <testcase classname="crudOperationWithBDD.GetProject" name="getProjectDetails" time="1.657"/>
  <system-out/>
</testsuite> <!-- crudOperationWithBDD.GetProject -->
