<?xml version="1.0" encoding="UTF-8"?>
<!-- Generated by org.testng.reporters.JUnitReportReporter -->
<testsuite hostname="DESKTOP-KUCBRGK" failures="0" tests="1" name="crudOperationWithBDD.AddProject" time="2.550" errors="0" timestamp="2022-12-28T17:20:54 IST" skipped="0">
  <testcase classname="crudOperationWithBDD.AddProject" name="add" time="2.550"/>
  <system-out/>
</testsuite> <!-- crudOperationWithBDD.AddProject -->
