<?xml version="1.0" encoding="UTF-8"?>
<!-- Generated by org.testng.reporters.JUnitReportReporter -->
<testsuite hostname="DESKTOP-KUCBRGK" failures="0" tests="1" name="differentWaysToPost.CreatedByUsingPOJOClass" time="2.006" errors="0" timestamp="2022-12-29T11:19:41 IST" skipped="0">
  <testcase classname="differentWaysToPost.CreatedByUsingPOJOClass" name="addProject" time="2.006"/>
  <system-out/>
</testsuite> <!-- differentWaysToPost.CreatedByUsingPOJOClass -->
