<?xml version="1.0" encoding="UTF-8"?>
<!-- Generated by org.testng.reporters.JUnitReportReporter -->
<testsuite hostname="DESKTOP-KUCBRGK" failures="0" tests="1" name="crudOperations.AddProjectTest" time="2.255" errors="0" timestamp="2023-01-02T11:27:34 IST" skipped="0">
  <testcase classname="crudOperations.AddProjectTest" name="addProjectPostRequest" time="2.255"/>
  <system-out/>
</testsuite> <!-- crudOperations.AddProjectTest -->
