<?xml version="1.0" encoding="UTF-8"?>
<!-- Generated by org.testng.reporters.JUnitReportReporter -->
<testsuite hostname="DESKTOP-KUCBRGK" failures="0" tests="1" name="usingBaseClassCRUDOperations.UpdateProject" time="1.276" errors="0" timestamp="2023-01-04T17:05:09 IST" skipped="0">
  <testcase classname="usingBaseClassCRUDOperations.UpdateProject" name="put_Method" time="1.276"/>
  <system-out/>
</testsuite> <!-- usingBaseClassCRUDOperations.UpdateProject -->
