<?xml version="1.0" encoding="UTF-8"?>
<!-- Generated by org.testng.reporters.JUnitReportReporter -->
<testsuite hostname="DESKTOP-KUCBRGK" failures="0" tests="1" name="serializationAndDeserialization.SpouseDeserialization" time="0.235" errors="0" timestamp="2022-12-27T15:29:13 IST" skipped="0">
  <testcase classname="serializationAndDeserialization.SpouseDeserialization" name="getempandspdetails" time="0.235"/>
  <system-out/>
</testsuite> <!-- serializationAndDeserialization.SpouseDeserialization -->
