<?xml version="1.0" encoding="UTF-8"?>
<!-- Generated by org.testng.reporters.JUnitReportReporter -->
<testsuite hostname="DESKTOP-KUCBRGK" failures="0" tests="1" name="crudOperationWithBDD.DeleteProject" time="1.684" errors="0" timestamp="2022-12-28T10:37:06 IST" skipped="0">
  <testcase classname="crudOperationWithBDD.DeleteProject" name="deleteProject" time="1.684"/>
  <system-out/>
</testsuite> <!-- crudOperationWithBDD.DeleteProject -->
