<?xml version="1.0" encoding="UTF-8"?>
<!-- Generated by org.testng.reporters.JUnitReportReporter -->
<testsuite hostname="DESKTOP-KUCBRGK" failures="0" tests="1" name="crudOperationWithBDD.GetAllProjects" time="1.733" errors="0" timestamp="2022-12-28T10:24:39 IST" skipped="0">
  <testcase classname="crudOperationWithBDD.GetAllProjects" name="allProjects" time="1.733"/>
  <system-out/>
</testsuite> <!-- crudOperationWithBDD.GetAllProjects -->
