<?xml version="1.0" encoding="UTF-8"?>
<!-- Generated by org.testng.reporters.JUnitReportReporter -->
<testsuite hostname="DESKTOP-KUCBRGK" failures="0" tests="1" name="validation.DynamicBodyValidation" time="2.353" errors="0" timestamp="2023-01-02T11:54:35 IST" skipped="0">
  <testcase classname="validation.DynamicBodyValidation" name="BodyValidation" time="2.353"/>
  <system-out/>
</testsuite> <!-- validation.DynamicBodyValidation -->
