<?xml version="1.0" encoding="UTF-8"?>
<!-- Generated by org.testng.reporters.JUnitReportReporter -->
<testsuite hostname="DESKTOP-KUCBRGK" failures="0" tests="1" name="serializationAndDeserialization.SeriArray" time="0.213" errors="0" timestamp="2022-12-27T14:45:58 IST" skipped="0">
  <testcase classname="serializationAndDeserialization.SeriArray" name="getDetailsofEmp" time="0.213"/>
  <system-out/>
</testsuite> <!-- serializationAndDeserialization.SeriArray -->
