<?xml version="1.0" encoding="UTF-8"?>
<!-- Generated by org.testng.reporters.JUnitReportReporter -->
<testsuite hostname="DESKTOP-KUCBRGK" failures="0" tests="1" name="crudOperationWithBDD.CreatedByInt" time="1.970" errors="0" timestamp="2022-12-28T12:55:21 IST" skipped="0">
  <testcase classname="crudOperationWithBDD.CreatedByInt" name="intcreatedby" time="1.970"/>
  <system-out/>
</testsuite> <!-- crudOperationWithBDD.CreatedByInt -->
