<?xml version="1.0" encoding="UTF-8"?>
<!-- Generated by org.testng.reporters.JUnitReportReporter -->
<testsuite hostname="DESKTOP-KUCBRGK" failures="0" tests="3" name="differentWaysToPost.AddProjectUsingExcelFileData" time="2.370" errors="0" timestamp="2022-12-29T15:41:23 IST" skipped="0">
  <testcase classname="differentWaysToPost.AddProjectUsingExcelFileData" name="addProject" time="2.231"/>
  <system-out/>
  <testcase classname="differentWaysToPost.AddProjectUsingExcelFileData" name="addProject" time="0.064"/>
  <system-out/>
  <testcase classname="differentWaysToPost.AddProjectUsingExcelFileData" name="addProject" time="0.075"/>
  <system-out/>
</testsuite> <!-- differentWaysToPost.AddProjectUsingExcelFileData -->
