<?xml version="1.0" encoding="UTF-8"?>
<!-- Generated by org.testng.reporters.JUnitReportReporter -->
<testsuite hostname="DESKTOP-KUCBRGK" failures="0" tests="1" name="crudOperationWithBDD.CreatedBySpChar" time="2.107" errors="0" timestamp="2022-12-28T12:59:40 IST" skipped="0">
  <testcase classname="crudOperationWithBDD.CreatedBySpChar" name="spChar" time="2.107"/>
  <system-out/>
</testsuite> <!-- crudOperationWithBDD.CreatedBySpChar -->
