<?xml version="1.0" encoding="UTF-8"?>
<!-- Generated by org.testng.reporters.JUnitReportReporter -->
<testsuite hostname="DESKTOP-KUCBRGK" failures="0" tests="1" name="crudOperationWithBDD.TeamSizeNegitiveCount" time="2.180" errors="0" timestamp="2022-12-28T12:50:12 IST" skipped="0">
  <testcase classname="crudOperationWithBDD.TeamSizeNegitiveCount" name="createdByEmpty" time="2.180"/>
  <system-out/>
</testsuite> <!-- crudOperationWithBDD.TeamSizeNegitiveCount -->
