<?xml version="1.0" encoding="UTF-8"?>
<!-- Generated by org.testng.reporters.JUnitReportReporter -->
<testsuite hostname="DESKTOP-KUCBRGK" failures="0" tests="1" name="crudOperationWithBDD.StatusApartFromDropdowns" time="2.046" errors="0" timestamp="2022-12-28T11:02:56 IST" skipped="0">
  <testcase classname="crudOperationWithBDD.StatusApartFromDropdowns" name="createdByEmpty" time="2.046"/>
  <system-out/>
</testsuite> <!-- crudOperationWithBDD.StatusApartFromDropdowns -->
