<?xml version="1.0" encoding="UTF-8"?>
<!-- Generated by org.testng.reporters.JUnitReportReporter -->
<testsuite hostname="DESKTOP-KUCBRGK" failures="0" tests="1" name="crudOperationWithBDD.PutWithPartialData" time="2.024" errors="0" timestamp="2022-12-28T15:20:55 IST" skipped="0">
  <testcase classname="crudOperationWithBDD.PutWithPartialData" name="urlEndpoint" time="2.024"/>
  <system-out/>
</testsuite> <!-- crudOperationWithBDD.PutWithPartialData -->
