<?xml version="1.0" encoding="UTF-8"?>
<!-- Generated by org.testng.reporters.JUnitReportReporter -->
<testsuite hostname="DESKTOP-KUCBRGK" failures="0" tests="1" name="usingBaseClassCRUDOperations.GetSingleProject" time="0.912" errors="0" timestamp="2023-01-04T17:04:53 IST" skipped="0">
  <testcase classname="usingBaseClassCRUDOperations.GetSingleProject" name="getOneParticularProject" time="0.912"/>
  <system-out/>
</testsuite> <!-- usingBaseClassCRUDOperations.GetSingleProject -->
