<?xml version="1.0" encoding="UTF-8"?>
<!-- Generated by org.testng.reporters.JUnitReportReporter -->
<testsuite hostname="DESKTOP-KUCBRGK" failures="0" tests="1" name="crudOperationWithBDD.ProjectNameSpChar" time="2.065" errors="0" timestamp="2022-12-28T11:14:31 IST" skipped="0">
  <testcase classname="crudOperationWithBDD.ProjectNameSpChar" name="createdByEmpty" time="2.065"/>
  <system-out/>
</testsuite> <!-- crudOperationWithBDD.ProjectNameSpChar -->
