<?xml version="1.0" encoding="UTF-8"?>
<!-- Generated by org.testng.reporters.JUnitReportReporter -->
<testsuite hostname="DESKTOP-KUCBRGK" failures="0" tests="1" name="practicePackage.Multipart" time="5.812" errors="0" timestamp="2022-12-29T15:30:51 IST" skipped="0">
  <testcase classname="practicePackage.Multipart" name="addFile" time="5.812"/>
  <system-out/>
</testsuite> <!-- practicePackage.Multipart -->
