<?xml version="1.0" encoding="UTF-8"?>
<!-- Generated by org.testng.reporters.JUnitReportReporter -->
<testsuite hostname="DESKTOP-KUCBRGK" failures="0" tests="1" name="authentication.Auth2Test" time="5.019" errors="0" timestamp="2023-01-03T11:07:54 IST" skipped="0">
  <testcase classname="authentication.Auth2Test" name="authAuthentication" time="5.019"/>
  <system-out/>
</testsuite> <!-- authentication.Auth2Test -->
