<?xml version="1.0" encoding="UTF-8"?>
<!-- Generated by org.testng.reporters.JUnitReportReporter -->
<testsuite hostname="DESKTOP-KUCBRGK" failures="0" tests="1" name="crudOperationWithBDD.DeleteMethodWrongID" time="1.731" errors="0" timestamp="2022-12-28T17:21:54 IST" skipped="0">
  <testcase classname="crudOperationWithBDD.DeleteMethodWrongID" name="add" time="1.731"/>
  <system-out/>
</testsuite> <!-- crudOperationWithBDD.DeleteMethodWrongID -->
