<?xml version="1.0" encoding="UTF-8"?>
<!-- Generated by org.testng.reporters.JUnitReportReporter -->
<testsuite hostname="DESKTOP-KUCBRGK" failures="0" tests="1" name="usingBaseClassCRUDOperations.GetAllProject" time="1.026" errors="0" timestamp="2023-01-04T15:08:03 IST" skipped="0">
  <testcase classname="usingBaseClassCRUDOperations.GetAllProject" name="getAllProjectFrom" time="1.026"/>
  <system-out/>
</testsuite> <!-- usingBaseClassCRUDOperations.GetAllProject -->
