<?xml version="1.0" encoding="UTF-8"?>
<!-- Generated by org.testng.reporters.JUnitReportReporter -->
<testsuite hostname="DESKTOP-KUCBRGK" failures="0" tests="2" name="differentWaysToPost.DataProviderss" time="2.248" errors="0" timestamp="2022-12-29T13:19:41 IST" skipped="0">
  <testcase classname="differentWaysToPost.DataProviderss" name="addProject" time="0.080"/>
  <system-out/>
  <testcase classname="differentWaysToPost.DataProviderss" name="addProject" time="2.168"/>
  <system-out/>
</testsuite> <!-- differentWaysToPost.DataProviderss -->
