<?xml version="1.0" encoding="UTF-8"?>
<!-- Generated by org.testng.reporters.JUnitReportReporter -->
<testsuite hostname="DESKTOP-KUCBRGK" failures="0" tests="1" name="validation.ResponseTimeValidation" time="1.649" errors="0" timestamp="2023-01-02T12:34:09 IST" skipped="0">
  <testcase classname="validation.ResponseTimeValidation" name="timeValidation" time="1.649"/>
  <system-out/>
</testsuite> <!-- validation.ResponseTimeValidation -->
