<?xml version="1.0" encoding="UTF-8"?>
<!-- Generated by org.testng.reporters.JUnitReportReporter -->
<testsuite hostname="DESKTOP-KUCBRGK" failures="0" tests="1" name="crudOperationWithBDD.FormatHTML" time="1.954" errors="0" timestamp="2022-12-28T15:30:25 IST" skipped="0">
  <testcase classname="crudOperationWithBDD.FormatHTML" name="add" time="1.954"/>
  <system-out/>
</testsuite> <!-- crudOperationWithBDD.FormatHTML -->
