<?xml version="1.0" encoding="UTF-8"?>
<!-- Generated by org.testng.reporters.JUnitReportReporter -->
<testsuite hostname="DESKTOP-KUCBRGK" failures="0" tests="3" name="practicePackage.ResponseInJSON" time="8.758" errors="0" timestamp="2023-01-03T13:19:54 IST" skipped="0">
  <testcase classname="practicePackage.ResponseInJSON" name="asInputStream" time="4.757"/>
  <system-out/>
  <testcase classname="practicePackage.ResponseInJSON" name="byteArray" time="1.858"/>
  <system-out/>
  <testcase classname="practicePackage.ResponseInJSON" name="asStringMethod" time="2.143"/>
  <system-out/>
</testsuite> <!-- practicePackage.ResponseInJSON -->
