<?xml version="1.0" encoding="UTF-8"?>
<!-- Generated by org.testng.reporters.JUnitReportReporter -->
<testsuite hostname="DESKTOP-KUCBRGK" failures="0" tests="1" name="crudOperations.UpdateProject" time="1.967" errors="0" timestamp="2022-12-27T15:47:10 IST" skipped="0">
  <testcase classname="crudOperations.UpdateProject" name="updateProjectdetails" time="1.967"/>
  <system-out/>
</testsuite> <!-- crudOperations.UpdateProject -->
