<?xml version="1.0" encoding="UTF-8"?>
<!-- Generated by org.testng.reporters.JUnitReportReporter -->
<testsuite hostname="DESKTOP-KUCBRGK" failures="0" tests="1" name="crudOperations.DeleteProject" time="1.640" errors="0" timestamp="2022-12-27T15:58:07 IST" skipped="0">
  <testcase classname="crudOperations.DeleteProject" name="deletePro" time="1.640"/>
  <system-out/>
</testsuite> <!-- crudOperations.DeleteProject -->
