<?xml version="1.0" encoding="UTF-8"?>
<!-- Generated by org.testng.reporters.JUnitReportReporter -->
<testsuite hostname="DESKTOP-KUCBRGK" failures="0" tests="1" name="serializationAndDeserialization.DeserializationOfEmpDetails" time="0.206" errors="0" timestamp="2022-12-27T12:14:54 IST" skipped="0">
  <testcase classname="serializationAndDeserialization.DeserializationOfEmpDetails" name="deserializationOfEmpDetails" time="0.206"/>
  <system-out/>
</testsuite> <!-- serializationAndDeserialization.DeserializationOfEmpDetails -->
