<?xml version="1.0" encoding="UTF-8"?>
<!-- Generated by org.testng.reporters.JUnitReportReporter -->
<testsuite hostname="DESKTOP-KUCBRGK" failures="0" tests="1" name="validation.ResponseHeaderValidation" time="2.616" errors="0" timestamp="2023-01-02T10:42:00 IST" skipped="0">
  <testcase classname="validation.ResponseHeaderValidation" name="responseHeadValidation" time="2.616"/>
  <system-out/>
</testsuite> <!-- validation.ResponseHeaderValidation -->
