<?xml version="1.0" encoding="UTF-8"?>
<!-- Generated by org.testng.reporters.JUnitReportReporter -->
<testsuite hostname="DESKTOP-KUCBRGK" failures="0" tests="1" name="serializationAndDeserialization.SerializationOfEmpDetails" time="0.268" errors="0" timestamp="2022-12-27T11:29:05 IST" skipped="0">
  <testcase classname="serializationAndDeserialization.SerializationOfEmpDetails" name="serialization" time="0.268"/>
  <system-out/>
</testsuite> <!-- serializationAndDeserialization.SerializationOfEmpDetails -->
