<?xml version="1.0" encoding="UTF-8"?>
<!-- Generated by org.testng.reporters.JUnitReportReporter -->
<testsuite hostname="DESKTOP-KUCBRGK" failures="0" tests="1" name="end_To_End.Post_Method" time="1.744" errors="0" timestamp="2023-01-04T16:52:33 IST" skipped="0">
  <testcase classname="end_To_End.Post_Method" name="addProj" time="1.744"/>
  <system-out/>
</testsuite> <!-- end_To_End.Post_Method -->
