<?xml version="1.0" encoding="UTF-8"?>
<!-- Generated by org.testng.reporters.JUnitReportReporter -->
<testsuite hostname="DESKTOP-KUCBRGK" failures="0" tests="1" name="differentWaysToPost.CreatedProjectUsingHashMap" time="2.224" errors="0" timestamp="2022-12-29T11:12:15 IST" skipped="0">
  <testcase classname="differentWaysToPost.CreatedProjectUsingHashMap" name="addProject" time="2.224"/>
  <system-out/>
</testsuite> <!-- differentWaysToPost.CreatedProjectUsingHashMap -->
