<?xml version="1.0" encoding="UTF-8"?>
<!-- Generated by org.testng.reporters.JUnitReportReporter -->
<testsuite hostname="DESKTOP-KUCBRGK" failures="0" tests="1" name="RequestChaining.RequestChainingPostToDelete" time="2.661" errors="0" timestamp="2023-01-02T15:47:35 IST" skipped="0">
  <testcase classname="RequestChaining.RequestChainingPostToDelete" name="addRequest" time="2.661"/>
  <system-out/>
</testsuite> <!-- RequestChaining.RequestChainingPostToDelete -->
