<?xml version="1.0" encoding="UTF-8"?>
<!-- Generated by org.testng.reporters.JUnitReportReporter -->
<testsuite hostname="DESKTOP-KUCBRGK" failures="0" tests="1" name="validation.StatusLineValidation" time="1.644" errors="0" timestamp="2023-01-02T12:05:01 IST" skipped="0">
  <testcase classname="validation.StatusLineValidation" name="validationStatusLine" time="1.644"/>
  <system-out/>
</testsuite> <!-- validation.StatusLineValidation -->
