<?xml version="1.0" encoding="UTF-8"?>
<!-- Generated by org.testng.reporters.JUnitReportReporter -->
<testsuite hostname="DESKTOP-KUCBRGK" failures="0" tests="1" name="serializationAndDeserialization.DeseriArray" time="0.209" errors="0" timestamp="2022-12-27T14:54:33 IST" skipped="0">
  <testcase classname="serializationAndDeserialization.DeseriArray" name="getdetailsEmp" time="0.209"/>
  <system-out/>
</testsuite> <!-- serializationAndDeserialization.DeseriArray -->
