<?xml version="1.0" encoding="UTF-8"?>
<!-- Generated by org.testng.reporters.JUnitReportReporter -->
<testsuite hostname="DESKTOP-KUCBRGK" failures="0" tests="1" name="Authentication.BAsicAuthDi" time="2.050" errors="0" timestamp="2023-01-02T16:06:37 IST" skipped="0">
  <testcase classname="Authentication.BAsicAuthDi" name="authDigest" time="2.050"/>
  <system-out/>
</testsuite> <!-- Authentication.BAsicAuthDi -->
