<?xml version="1.0" encoding="UTF-8"?>
<!-- Generated by org.testng.reporters.JUnitReportReporter -->
<testsuite hostname="DESKTOP-KUCBRGK" failures="0" tests="1" name="crudOperationWithBDD.FormatText" time="1.969" errors="0" timestamp="2022-12-28T15:29:49 IST" skipped="0">
  <testcase classname="crudOperationWithBDD.FormatText" name="add" time="1.969"/>
  <system-out/>
</testsuite> <!-- crudOperationWithBDD.FormatText -->
