<?xml version="1.0" encoding="UTF-8"?>
<!-- Generated by org.testng.reporters.JUnitReportReporter -->
<testsuite hostname="DESKTOP-KUCBRGK" failures="0" tests="1" name="serializationAndDeserialization.SpouseSerialization" time="0.223" errors="0" timestamp="2022-12-27T15:15:50 IST" skipped="0">
  <testcase classname="serializationAndDeserialization.SpouseSerialization" name="getDetailsEmpAndSpouse" time="0.223"/>
  <system-out/>
</testsuite> <!-- serializationAndDeserialization.SpouseSerialization -->
