<?xml version="1.0" encoding="UTF-8"?>
<!-- Generated by org.testng.reporters.JUnitReportReporter -->
<testsuite hostname="DESKTOP-KUCBRGK" failures="0" tests="1" name="crudOperations.GetProjectDetails" time="1.757" errors="0" timestamp="2023-01-02T11:31:54 IST" skipped="0">
  <testcase classname="crudOperations.GetProjectDetails" name="getTheProjectdetails" time="1.757"/>
  <system-out/>
</testsuite> <!-- crudOperations.GetProjectDetails -->
